0 info it worked if it ends with ok
1 verbose cli [ '/usr/bin/nodejs', '/usr/bin/npm', 'install', 'bootstrap' ]
2 info using npm@3.8.6
3 info using node@v5.12.0
4 silly loadCurrentTree Starting
5 silly install loadCurrentTree
6 silly install readLocalPackageData
7 silly fetchPackageMetaData bootstrap@1.0.0
8 silly fetchNamedPackageData bootstrap
9 silly mapToRegistry name bootstrap
10 silly mapToRegistry using default registry
11 silly mapToRegistry registry https://registry.npmjs.org/
12 silly mapToRegistry data Result {
12 silly mapToRegistry   raw: 'bootstrap',
12 silly mapToRegistry   scope: null,
12 silly mapToRegistry   name: 'bootstrap',
12 silly mapToRegistry   rawSpec: '',
12 silly mapToRegistry   spec: 'latest',
12 silly mapToRegistry   type: 'tag' }
13 silly mapToRegistry uri https://registry.npmjs.org/bootstrap
14 verbose request uri https://registry.npmjs.org/bootstrap
15 verbose request no auth needed
16 info attempt registry request try #1 at 5:37:02 PM
17 verbose request id 23c49f5198e81f96
18 verbose etag "7ZRAOM1O81TNVYDGO5JR3MGNZ"
19 http request GET https://registry.npmjs.org/bootstrap
20 http 304 https://registry.npmjs.org/bootstrap
21 verbose headers { date: 'Wed, 26 Oct 2016 14:37:55 GMT',
21 verbose headers   via: '1.1 varnish',
21 verbose headers   'cache-control': 'max-age=300',
21 verbose headers   etag: '"7ZRAOM1O81TNVYDGO5JR3MGNZ"',
21 verbose headers   age: '166',
21 verbose headers   connection: 'keep-alive',
21 verbose headers   'x-served-by': 'cache-lhr6346-LHR',
21 verbose headers   'x-cache': 'HIT',
21 verbose headers   'x-cache-hits': '1',
21 verbose headers   'x-timer': 'S1477492675.125874,VS0,VE0',
21 verbose headers   vary: 'Accept-Encoding' }
22 silly get cb [ 304,
22 silly get   { date: 'Wed, 26 Oct 2016 14:37:55 GMT',
22 silly get     via: '1.1 varnish',
22 silly get     'cache-control': 'max-age=300',
22 silly get     etag: '"7ZRAOM1O81TNVYDGO5JR3MGNZ"',
22 silly get     age: '166',
22 silly get     connection: 'keep-alive',
22 silly get     'x-served-by': 'cache-lhr6346-LHR',
22 silly get     'x-cache': 'HIT',
22 silly get     'x-cache-hits': '1',
22 silly get     'x-timer': 'S1477492675.125874,VS0,VE0',
22 silly get     vary: 'Accept-Encoding' } ]
23 verbose etag https://registry.npmjs.org/bootstrap from cache
24 verbose get saving bootstrap to /home/taras/.npm/registry.npmjs.org/bootstrap/.cache.json
25 verbose correctMkdir /home/taras/.npm correctMkdir not in flight; initializing
26 silly fetchPackageMetaData Error: No compatible version found: bootstrap@1.0.0
26 silly fetchPackageMetaData Valid install targets:
26 silly fetchPackageMetaData 4.0.0-alpha.5, 4.0.0-alpha.4, 4.0.0-alpha.3, 4.0.0-alpha.2, 3.3.7, 3.3.6, 3.3.5, 3.3.4, 3.3.2, 3.3.1, 3.3.0, 3.2.0, 3.1.1, 0.0.2, 0.0.1
26 silly fetchPackageMetaData
26 silly fetchPackageMetaData     at pickVersionFromRegistryDocument (/usr/lib/node_modules/npm/lib/fetch-package-metadata.js:156:16)
26 silly fetchPackageMetaData     at /usr/lib/node_modules/npm/node_modules/iferr/index.js:13:50
26 silly fetchPackageMetaData     at /usr/lib/node_modules/npm/lib/utils/pulse-till-done.js:19:8
26 silly fetchPackageMetaData     at saved (/usr/lib/node_modules/npm/lib/cache/caching-client.js:168:7)
26 silly fetchPackageMetaData     at /usr/lib/node_modules/npm/node_modules/graceful-fs/polyfills.js:210:7
26 silly fetchPackageMetaData     at FSReqWrap.oncomplete (fs.js:82:15)
26 silly fetchPackageMetaData  error for bootstrap@1.0.0 [Error: No compatible version found: bootstrap@1.0.0
26 silly fetchPackageMetaData Valid install targets:
26 silly fetchPackageMetaData 4.0.0-alpha.5, 4.0.0-alpha.4, 4.0.0-alpha.3, 4.0.0-alpha.2, 3.3.7, 3.3.6, 3.3.5, 3.3.4, 3.3.2, 3.3.1, 3.3.0, 3.2.0, 3.1.1, 0.0.2, 0.0.1
26 silly fetchPackageMetaData ]
27 silly rollbackFailedOptional Starting
28 silly rollbackFailedOptional Finishing
29 silly runTopLevelLifecycles Starting
30 silly runTopLevelLifecycles Finishing
31 silly install printInstalled
32 verbose stack Error: No compatible version found: bootstrap@1.0.0
32 verbose stack Valid install targets:
32 verbose stack 4.0.0-alpha.5, 4.0.0-alpha.4, 4.0.0-alpha.3, 4.0.0-alpha.2, 3.3.7, 3.3.6, 3.3.5, 3.3.4, 3.3.2, 3.3.1, 3.3.0, 3.2.0, 3.1.1, 0.0.2, 0.0.1
32 verbose stack
32 verbose stack     at pickVersionFromRegistryDocument (/usr/lib/node_modules/npm/lib/fetch-package-metadata.js:156:16)
32 verbose stack     at /usr/lib/node_modules/npm/node_modules/iferr/index.js:13:50
32 verbose stack     at /usr/lib/node_modules/npm/lib/utils/pulse-till-done.js:19:8
32 verbose stack     at saved (/usr/lib/node_modules/npm/lib/cache/caching-client.js:168:7)
32 verbose stack     at /usr/lib/node_modules/npm/node_modules/graceful-fs/polyfills.js:210:7
32 verbose stack     at FSReqWrap.oncomplete (fs.js:82:15)
33 verbose cwd /var/www/bootstrap
34 error Linux 3.13.0-93-generic
35 error argv "/usr/bin/nodejs" "/usr/bin/npm" "install" "bootstrap"
36 error node v5.12.0
37 error npm  v3.8.6
38 error No compatible version found: bootstrap@1.0.0
38 error Valid install targets:
38 error 4.0.0-alpha.5, 4.0.0-alpha.4, 4.0.0-alpha.3, 4.0.0-alpha.2, 3.3.7, 3.3.6, 3.3.5, 3.3.4, 3.3.2, 3.3.1, 3.3.0, 3.2.0, 3.1.1, 0.0.2, 0.0.1
39 error If you need help, you may report this error at:
39 error     <https://github.com/npm/npm/issues>
40 verbose exit [ 1, true ]
